Removed Pin From Net: NetName=NetC?_2 Pin=U?-1
Change Component Comment : Designator=R? Old Comment=10R New Comment=510K
Change Component Comment : Designator=C? Old Comment=105 New Comment=104
Change Component Designator: OldDesignator=*? NewDesignator=*1
Change Component Designator: OldDesignator=*? NewDesignator=*2
Change Component Designator: OldDesignator=C? NewDesignator=C1
Change Component Designator: OldDesignator=C? NewDesignator=C2
Change Component Designator: OldDesignator=C? NewDesignator=C3
Change Component Designator: OldDesignator=C? NewDesignator=C4
Change Component Designator: OldDesignator=C? NewDesignator=C5
Change Component Designator: OldDesignator=C? NewDesignator=C6
Change Component Designator: OldDesignator=C? NewDesignator=C7
Change Component Designator: OldDesignator=JP? NewDesignator=JP1
Change Component Designator: OldDesignator=R? NewDesignator=R1
Change Component Designator: OldDesignator=R? NewDesignator=R2
Change Component Designator: OldDesignator=R? NewDesignator=R3
Change Component Designator: OldDesignator=R? NewDesignator=R4
Change Component Designator: OldDesignator=R? NewDesignator=R5
Change Component Designator: OldDesignator=R? NewDesignator=R6
Change Component Designator: OldDesignator=U? NewDesignator=U2
Change Component Designator: OldDesignator=U? NewDesignator=U3
Added Pin To Net: NetName=5V Pin=U3-1
Added Pin To Net: NetName=3V3 Pin=U3-5
Change Net Name : Old Net Name=NetC?_2 New Net Name=NetC5_2
Change Net Name : Old Net Name=NetR?_1 New Net Name=NetR2_1
Added Pin To Net: NetName=NetC1_2 Pin=C1-2
Added Pin To Net: NetName=NetC1_2 Pin=R2-2
Added Net: Name=NetC1_2
Added Pin To Net: NetName=NetC2_1 Pin=C2-1
Added Pin To Net: NetName=NetC2_1 Pin=R1-1
Added Net: Name=NetC2_1
Added Pin To Net: NetName=NetC5_1 Pin=C5-1
Added Pin To Net: NetName=NetC5_1 Pin=R5-1
Added Pin To Net: NetName=NetC5_1 Pin=R6-2
Added Net: Name=NetC5_1
Added Member To Class: ClassName=MTP10 Member=Component *1 M3
Added Member To Class: ClassName=MTP10 Member=Component C1 104
Added Member To Class: ClassName=MTP10 Member=Component C2 105
Added Member To Class: ClassName=MTP10 Member=Component C4 104
Added Member To Class: ClassName=MTP10 Member=Component C5 104
Added Member To Class: ClassName=MTP10 Member=Component C6 104
Added Member To Class: ClassName=MTP10 Member=Component C7 104
Added Member To Class: ClassName=MTP10 Member=Component R1 10R
Added Member To Class: ClassName=MTP10 Member=Component R2 1K
Added Member To Class: ClassName=MTP10 Member=Component R3 33K
Added Member To Class: ClassName=MTP10 Member=Component R4 1K
Added Member To Class: ClassName=MTP10 Member=Component R5 1K
Added Member To Class: ClassName=MTP10 Member=Component U2 MEMS »»µÁ∂—–æ∆¨
