Added Component: Designator=C8(C 0603_L)
Add component (AddParameter): Name = "BOM名称"; Value = "无极性贴片电容"; VariantName = "[No Variations]"
Add component (AddParameter): Name = "学习资源"; Value = "www.ooocke.com"; VariantName = "[No Variations]"
Add component (AddParameter): Name = "版权归属"; Value = "源创客"; VariantName = "[No Variations]"
Added Component: Designator=U1(SOT23-5M)
Added Component: Designator=U2(MTP-10B)
Added Component: Designator=U4(SOT23-3L)
Added Pin To Net: NetName=GND Pin=C8-1
Added Pin To Net: NetName=V_temp Pin=JP1-1
Added Pin To Net: NetName=V_amb Pin=JP1-2
Added Pin To Net: NetName=NetC5_2 Pin=U1-1
Added Pin To Net: NetName=GND Pin=U1-2
Added Pin To Net: NetName=NetC1_2 Pin=U1-3
Added Pin To Net: NetName=NetC5_1 Pin=U1-4
Added Pin To Net: NetName=NetC2_1 Pin=U1-5
Added Pin To Net: NetName=NetR2_1 Pin=U2-1
Added Pin To Net: NetName=V_amb Pin=U2-2
Added Pin To Net: NetName=GND Pin=U2-4
Added Pin To Net: NetName=3V3 Pin=U4-1
Added Pin To Net: NetName=GND Pin=U4-3
Added Pin To Net: NetName=1.25V_REF Pin=C8-2
Added Pin To Net: NetName=1.25V_REF Pin=R5-2
Added Pin To Net: NetName=1.25V_REF Pin=U2-3
Added Pin To Net: NetName=1.25V_REF Pin=U4-2
Added Net: Name=1.25V_REF
Added Member To Class: ClassName=MTP10 Member=Component C8 105
Added Member To Class: ClassName=MTP10 Member=Component U1 RS8551XF
Added Member To Class: ClassName=MTP10 Member=Component U2 MEMS 热电堆芯片
Added Member To Class: ClassName=MTP10 Member=Component U4 REF3312
